<?xml version="1.0" encoding="UTF-8"?>
<!-- Generated by org.testng.reporters.JUnitXMLReporter -->
<testsuite ignored="2" hostname="Zhiliaevs-MacBook-Air.local" failures="0" tests="3" name="Personal Loan" time="0.094" errors="0" timestamp="2020-11-13T14:11:00 CET">
  <testcase classname="Test.Day2" name="MobileLoginOutside" time="0.01"/>
  <testcase classname="Test.Day2" name="WebLoginWork" time="0.002"/>
  <testcase classname="Test.Day1" name="Demo" time="0.001"/>
  <testcase classname="Test.Day2" name="WebLoginHome" time="0.0">
    <ignored/>
  </testcase> <!-- WebLoginHome -->
  <testcase classname="Test.Day1" name="Deto" time="0.0">
    <ignored/>
  </testcase> <!-- Deto -->
</testsuite> <!-- Personal Loan -->
