<?xml version="1.0" encoding="UTF-8"?>
<!-- Generated by org.testng.reporters.JUnitXMLReporter -->
<testsuite ignored="0" hostname="Zhiliaevs-MacBook-Air.local" failures="0" tests="5" name="Testng" time="118.155" errors="0" timestamp="2020-11-24T16:28:36 CET">
  <testcase classname="Test.ONasLinks" name="workingLinks" time="25.709"/>
  <testcase classname="Test.SluzbyLinks" name="workingLinks" time="16.325"/>
  <testcase classname="Test.MediaSledujteNas" name="workingLinks" time="14.004"/>
  <testcase classname="Test.VseONakupuLinks" name="workingLinks" time="18.638"/>
  <testcase classname="Test.BrokenLinks" name="workingLinks" time="18.002"/>
</testsuite> <!-- Testng -->
