<?xml version="1.0" encoding="UTF-8"?>
<!-- Generated by org.testng.reporters.JUnitXMLReporter -->
<testsuite ignored="0" hostname="Zhiliaevs-MacBook-Air.local" failures="0" tests="5" name="Test" time="0.163" errors="0" timestamp="2020-11-17T18:29:56 CET">
  <testcase classname="Test.Day1" name="Aeto" time="0.03"/>
  <testcase classname="Test.Day1" name="Demo" time="0.002"/>
  <testcase classname="Test.Day2" name="MobileLoginOutside" time="0.008"/>
  <testcase classname="Test.Day2" name="WebLoginHome" time="0.002"/>
  <testcase classname="Test.Day2" name="WebLoginWork" time="0.002"/>
</testsuite> <!-- Test -->
