<?xml version="1.0" encoding="UTF-8"?>
<testng-results ignored="0" total="1" passed="1" failed="0" skipped="0">
  <reporter-output>
  </reporter-output>
  <suite started-at="2020-12-02T09:40:31 CET" name="Default suite" finished-at="2020-12-02T09:41:05 CET" duration-ms="34249">
    <groups>
    </groups>
    <test started-at="2020-12-02T09:40:31 CET" name="Default test" finished-at="2020-12-02T09:41:05 CET" duration-ms="34249">
      <class name="Test.VseONakupuLinks">
        <test-method is-config="true" signature="setUp()[pri:0, instance:Test.VseONakupuLinks@3ee0fea4]" started-at="2020-12-02T09:40:31 CET" name="setUp" finished-at="2020-12-02T09:40:37 CET" duration-ms="5835" status="PASS">
          <reporter-output>
          </reporter-output>
        </test-method> <!-- setUp -->
        <test-method signature="workingLinks()[pri:0, instance:Test.VseONakupuLinks@3ee0fea4]" started-at="2020-12-02T09:40:37 CET" name="workingLinks" finished-at="2020-12-02T09:41:05 CET" duration-ms="27981" status="PASS">
          <reporter-output>
          </reporter-output>
        </test-method> <!-- workingLinks -->
        <test-method is-config="true" signature="tearDown()[pri:0, instance:Test.VseONakupuLinks@3ee0fea4]" started-at="2020-12-02T09:41:05 CET" name="tearDown" finished-at="2020-12-02T09:41:05 CET" duration-ms="374" status="PASS">
          <reporter-output>
          </reporter-output>
        </test-method> <!-- tearDown -->
      </class> <!-- Test.VseONakupuLinks -->
    </test> <!-- Default test -->
  </suite> <!-- Default suite -->
</testng-results>
